{"numTotalTestSuites":161,"numPassedTestSuites":161,"numFailedTestSuites":0,"numPendingTestSuites":0,"numTotalTests":417,"numPassedTests":417,"numFailedTests":0,"numPendingTests":0,"numTodoTests":0,"startTime":1771954099503,"success":true,"testResults":[{"assertionResults":[{"ancestorTitles":["","Math Utils"],"fullName":" Math Utils should add numbers","status":"passed","title":"should add numbers","duration":2,"failureMessages":[]}],"startTime":1771954155108,"endTime":1771954155110,"status":"passed","message":"","name":"C:/Users/mhali/OneDrive/Desktop/Important Projects/Questerix/admin-panel/src/utils/math.test.ts"},{"assertionResults":[{"ancestorTitles":["","Architecture Rules","Layer Dependencies"],"fullName":" Architecture Rules Layer Dependencies services should not depend on components (UI layer)","status":"passed","title":"services should not depend on components (UI layer)","duration":21020,"failureMessages":[]},{"ancestorTitles":["","Architecture Rules","Layer Dependencies"],"fullName":" Architecture Rules Layer Dependencies lib utilities should not depend on features","status":"passed","title":"lib utilities should not depend on features","duration":12,"failureMessages":[]},{"ancestorTitles":["","Architecture Rules","Layer Dependencies"],"fullName":" Architecture Rules Layer Dependencies types should not depend on runtime code","status":"passed","title":"types should not depend on runtime code","duration":19,"failureMessages":[]},{"ancestorTitles":["","Architecture Rules","Feature Isolation"],"fullName":" Architecture Rules Feature Isolation ai-assistant should not import from ai-content","status":"passed","title":"ai-assistant should not import from ai-content","duration":17,"failureMessages":[]},{"ancestorTitles":["","Architecture Rules","Feature Isolation"],"fullName":" Architecture Rules Feature Isolation ai-assistant should not import from auth","status":"passed","title":"ai-assistant should not import from auth","duration":17,"failureMessages":[]},{"ancestorTitles":["","Architecture Rules","Feature Isolation"],"fullName":" Architecture Rules Feature Isolation ai-assistant should not import from dashboard","status":"passed","title":"ai-assistant should not import from dashboard","duration":8,"failureMessages":[]},{"ancestorTitles":["","Architecture Rules","Feature Isolation"],"fullName":" Architecture Rules Feature Isolation ai-assistant should not import from mentorship","status":"passed","title":"ai-assistant should not import from mentorship","duration":11,"failureMessages":[]},{"ancestorTitles":["","Architecture Rules","Feature Isolation"],"fullName":" Architecture Rules Feature Isolation ai-assistant should not import from monitoring","status":"passed","title":"ai-assistant should not import from monitoring","duration":11,"failureMessages":[]},{"ancestorTitles":["","Architecture Rules","Feature Isolation"],"fullName":" Architecture Rules Feature Isolation ai-assistant should not import from platform","status":"passed","title":"ai-assistant should not import from platform","duration":12,"failureMessages":[]},{"ancestorTitles":["","Architecture Rules","Feature Isolation"],"fullName":" Architecture Rules Feature Isolation ai-content should not import from ai-assistant","status":"passed","title":"ai-content should not import from ai-assistant","duration":9,"failureMessages":[]},{"ancestorTitles":["","Architecture Rules","Feature Isolation"],"fullName":" Architecture Rules Feature Isolation ai-content should not import from auth","status":"passed","title":"ai-content should not import from auth","duration":6,"failureMessages":[]},{"ancestorTitles":["","Architecture Rules","Feature Isolation"],"fullName":" Architecture Rules Feature Isolation ai-content should not import from dashboard","status":"passed","title":"ai-content should not import from dashboard","duration":8,"failureMessages":[]},{"ancestorTitles":["","Architecture Rules","Feature Isolation"],"fullName":" Architecture Rules Feature Isolation ai-content should not import from mentorship","status":"passed","title":"ai-content should not import from mentorship","duration":7,"failureMessages":[]},{"ancestorTitles":["","Architecture Rules","Feature Isolation"],"fullName":" Architecture Rules Feature Isolation ai-content should not import from monitoring","status":"passed","title":"ai-content should not import from monitoring","duration":8,"failureMessages":[]},{"ancestorTitles":["","Architecture Rules","Feature Isolation"],"fullName":" Architecture Rules Feature Isolation ai-content should not import from platform","status":"passed","title":"ai-content should not import from platform","duration":6,"failureMessages":[]},{"ancestorTitles":["","Architecture Rules","Feature Isolation"],"fullName":" Architecture Rules Feature Isolation auth should not import from ai-assistant","status":"passed","title":"auth should not import from ai-assistant","duration":7,"failureMessages":[]},{"ancestorTitles":["","Architecture Rules","Feature Isolation"],"fullName":" Architecture Rules Feature Isolation auth should not import from ai-content","status":"passed","title":"auth should not import from ai-content","duration":8,"failureMessages":[]},{"ancestorTitles":["","Architecture Rules","Feature Isolation"],"fullName":" Architecture Rules Feature Isolation auth should not import from curriculum","status":"passed","title":"auth should not import from curriculum","duration":7,"failureMessages":[]},{"ancestorTitles":["","Architecture Rules","Feature Isolation"],"fullName":" Architecture Rules Feature Isolation auth should not import from dashboard","status":"passed","title":"auth should not import from dashboard","duration":8,"failureMessages":[]},{"ancestorTitles":["","Architecture Rules","Feature Isolation"],"fullName":" Architecture Rules Feature Isolation auth should not import from mentorship","status":"passed","title":"auth should not import from mentorship","duration":8,"failureMessages":[]},{"ancestorTitles":["","Architecture Rules","Feature Isolation"],"fullName":" Architecture Rules Feature Isolation auth should not import from monitoring","status":"passed","title":"auth should not import from monitoring","duration":10,"failureMessages":[]},{"ancestorTitles":["","Architecture Rules","Feature Isolation"],"fullName":" Architecture Rules Feature Isolation auth should not import from platform","status":"passed","title":"auth should not import from platform","duration":7,"failureMessages":[]},{"ancestorTitles":["","Architecture Rules","Feature Isolation"],"fullName":" Architecture Rules Feature Isolation curriculum should not import from ai-assistant","status":"passed","title":"curriculum should not import from ai-assistant","duration":9,"failureMessages":[]},{"ancestorTitles":["","Architecture Rules","Feature Isolation"],"fullName":" Architecture Rules Feature Isolation curriculum should not import from ai-content","status":"passed","title":"curriculum should not import from ai-content","duration":6,"failureMessages":[]},{"ancestorTitles":["","Architecture Rules","Feature Isolation"],"fullName":" Architecture Rules Feature Isolation curriculum should not import from auth","status":"passed","title":"curriculum should not import from auth","duration":9,"failureMessages":[]},{"ancestorTitles":["","Architecture Rules","Feature Isolation"],"fullName":" Architecture Rules Feature Isolation curriculum should not import from dashboard","status":"passed","title":"curriculum should not import from dashboard","duration":7,"failureMessages":[]},{"ancestorTitles":["","Architecture Rules","Feature Isolation"],"fullName":" Architecture Rules Feature Isolation curriculum should not import from mentorship","status":"passed","title":"curriculum should not import from mentorship","duration":8,"failureMessages":[]},{"ancestorTitles":["","Architecture Rules","Feature Isolation"],"fullName":" Architecture Rules Feature Isolation curriculum should not import from monitoring","status":"passed","title":"curriculum should not import from monitoring","duration":7,"failureMessages":[]},{"ancestorTitles":["","Architecture Rules","Feature Isolation"],"fullName":" Architecture Rules Feature Isolation curriculum should not import from platform","status":"passed","title":"curriculum should not import from platform","duration":7,"failureMessages":[]},{"ancestorTitles":["","Architecture Rules","Feature Isolation"],"fullName":" Architecture Rules Feature Isolation dashboard should not import from ai-assistant","status":"passed","title":"dashboard should not import from ai-assistant","duration":7,"failureMessages":[]},{"ancestorTitles":["","Architecture Rules","Feature Isolation"],"fullName":" Architecture Rules Feature Isolation dashboard should not import from ai-content","status":"passed","title":"dashboard should not import from ai-content","duration":7,"failureMessages":[]},{"ancestorTitles":["","Architecture Rules","Feature Isolation"],"fullName":" Architecture Rules Feature Isolation dashboard should not import from auth","status":"passed","title":"dashboard should not import from auth","duration":11,"failureMessages":[]},{"ancestorTitles":["","Architecture Rules","Feature Isolation"],"fullName":" Architecture Rules Feature Isolation dashboard should not import from curriculum","status":"passed","title":"dashboard should not import from curriculum","duration":6,"failureMessages":[]},{"ancestorTitles":["","Architecture Rules","Feature Isolation"],"fullName":" Architecture Rules Feature Isolation dashboard should not import from mentorship","status":"passed","title":"dashboard should not import from mentorship","duration":12,"failureMessages":[]},{"ancestorTitles":["","Architecture Rules","Feature Isolation"],"fullName":" Architecture Rules Feature Isolation dashboard should not import from monitoring","status":"passed","title":"dashboard should not import from monitoring","duration":10,"failureMessages":[]},{"ancestorTitles":["","Architecture Rules","Feature Isolation"],"fullName":" Architecture Rules Feature Isolation dashboard should not import from platform","status":"passed","title":"dashboard should not import from platform","duration":6,"failureMessages":[]},{"ancestorTitles":["","Architecture Rules","Feature Isolation"],"fullName":" Architecture Rules Feature Isolation mentorship should not import from ai-assistant","status":"passed","title":"mentorship should not import from ai-assistant","duration":8,"failureMessages":[]},{"ancestorTitles":["","Architecture Rules","Feature Isolation"],"fullName":" Architecture Rules Feature Isolation mentorship should not import from ai-content","status":"passed","title":"mentorship should not import from ai-content","duration":7,"failureMessages":[]},{"ancestorTitles":["","Architecture Rules","Feature Isolation"],"fullName":" Architecture Rules Feature Isolation mentorship should not import from auth","status":"passed","title":"mentorship should not import from auth","duration":7,"failureMessages":[]},{"ancestorTitles":["","Architecture Rules","Feature Isolation"],"fullName":" Architecture Rules Feature Isolation mentorship should not import from curriculum","status":"passed","title":"mentorship should not import from curriculum","duration":7,"failureMessages":[]},{"ancestorTitles":["","Architecture Rules","Feature Isolation"],"fullName":" Architecture Rules Feature Isolation mentorship should not import from dashboard","status":"passed","title":"mentorship should not import from dashboard","duration":7,"failureMessages":[]},{"ancestorTitles":["","Architecture Rules","Feature Isolation"],"fullName":" Architecture Rules Feature Isolation mentorship should not import from monitoring","status":"passed","title":"mentorship should not import from monitoring","duration":8,"failureMessages":[]},{"ancestorTitles":["","Architecture Rules","Feature Isolation"],"fullName":" Architecture Rules Feature Isolation mentorship should not import from platform","status":"passed","title":"mentorship should not import from platform","duration":8,"failureMessages":[]},{"ancestorTitles":["","Architecture Rules","Feature Isolation"],"fullName":" Architecture Rules Feature Isolation monitoring should not import from ai-assistant","status":"passed","title":"monitoring should not import from ai-assistant","duration":8,"failureMessages":[]},{"ancestorTitles":["","Architecture Rules","Feature Isolation"],"fullName":" Architecture Rules Feature Isolation monitoring should not import from ai-content","status":"passed","title":"monitoring should not import from ai-content","duration":7,"failureMessages":[]},{"ancestorTitles":["","Architecture Rules","Feature Isolation"],"fullName":" Architecture Rules Feature Isolation monitoring should not import from auth","status":"passed","title":"monitoring should not import from auth","duration":6,"failureMessages":[]},{"ancestorTitles":["","Architecture Rules","Feature Isolation"],"fullName":" Architecture Rules Feature Isolation monitoring should not import from curriculum","status":"passed","title":"monitoring should not import from curriculum","duration":7,"failureMessages":[]},{"ancestorTitles":["","Architecture Rules","Feature Isolation"],"fullName":" Architecture Rules Feature Isolation monitoring should not import from dashboard","status":"passed","title":"monitoring should not import from dashboard","duration":6,"failureMessages":[]},{"ancestorTitles":["","Architecture Rules","Feature Isolation"],"fullName":" Architecture Rules Feature Isolation monitoring should not import from mentorship","status":"passed","title":"monitoring should not import from mentorship","duration":9,"failureMessages":[]},{"ancestorTitles":["","Architecture Rules","Feature Isolation"],"fullName":" Architecture Rules Feature Isolation monitoring should not import from platform","status":"passed","title":"monitoring should not import from platform","duration":10,"failureMessages":[]},{"ancestorTitles":["","Architecture Rules","Feature Isolation"],"fullName":" Architecture Rules Feature Isolation platform should not import from ai-assistant","status":"passed","title":"platform should not import from ai-assistant","duration":9,"failureMessages":[]},{"ancestorTitles":["","Architecture Rules","Feature Isolation"],"fullName":" Architecture Rules Feature Isolation platform should not import from ai-content","status":"passed","title":"platform should not import from ai-content","duration":6,"failureMessages":[]},{"ancestorTitles":["","Architecture Rules","Feature Isolation"],"fullName":" Architecture Rules Feature Isolation platform should not import from auth","status":"passed","title":"platform should not import from auth","duration":8,"failureMessages":[]},{"ancestorTitles":["","Architecture Rules","Feature Isolation"],"fullName":" Architecture Rules Feature Isolation platform should not import from curriculum","status":"passed","title":"platform should not import from curriculum","duration":6,"failureMessages":[]},{"ancestorTitles":["","Architecture Rules","Feature Isolation"],"fullName":" Architecture Rules Feature Isolation platform should not import from dashboard","status":"passed","title":"platform should not import from dashboard","duration":7,"failureMessages":[]},{"ancestorTitles":["","Architecture Rules","Feature Isolation"],"fullName":" Architecture Rules Feature Isolation platform should not import from mentorship","status":"passed","title":"platform should not import from mentorship","duration":8,"failureMessages":[]},{"ancestorTitles":["","Architecture Rules","Feature Isolation"],"fullName":" Architecture Rules Feature Isolation platform should not import from monitoring","status":"passed","title":"platform should not import from monitoring","duration":7,"failureMessages":[]},{"ancestorTitles":["","Architecture Rules","Naming Conventions"],"fullName":" Architecture Rules Naming Conventions hooks should follow use-*.ts naming pattern","status":"passed","title":"hooks should follow use-*.ts naming pattern","duration":10,"failureMessages":[]},{"ancestorTitles":["","Architecture Rules","Naming Conventions"],"fullName":" Architecture Rules Naming Conventions feature hooks should follow use-*.ts naming pattern","status":"passed","title":"feature hooks should follow use-*.ts naming pattern","duration":6,"failureMessages":[]},{"ancestorTitles":["","Architecture Rules","Circular Dependencies"],"fullName":" Architecture Rules Circular Dependencies components should be free of cycles","status":"passed","title":"components should be free of cycles","duration":10,"failureMessages":[]},{"ancestorTitles":["","Architecture Rules","Circular Dependencies"],"fullName":" Architecture Rules Circular Dependencies lib utilities should be free of cycles","status":"passed","title":"lib utilities should be free of cycles","duration":8,"failureMessages":[]},{"ancestorTitles":["","Architecture Rules","Circular Dependencies"],"fullName":" Architecture Rules Circular Dependencies hooks should be free of cycles","status":"passed","title":"hooks should be free of cycles","duration":14,"failureMessages":[]}],"startTime":1771954146284,"endTime":1771954167829,"status":"passed","message":"","name":"C:/Users/mhali/OneDrive/Desktop/Important Projects/Questerix/admin-panel/src/__tests__/architecture.test.ts"},{"assertionResults":[{"ancestorTitles":["","Normalization Utilities","normalizeString"],"fullName":" Normalization Utilities normalizeString should trim whitespace from both ends","status":"passed","title":"should trim whitespace from both ends","duration":4,"failureMessages":[]},{"ancestorTitles":["","Normalization Utilities","normalizeString"],"fullName":" Normalization Utilities normalizeString should return empty string for null or undefined","status":"passed","title":"should return empty string for null or undefined","duration":1,"failureMessages":[]},{"ancestorTitles":["","Normalization Utilities","normalizeIdentifier"],"fullName":" Normalization Utilities normalizeIdentifier should trim and lowercase the string","status":"passed","title":"should trim and lowercase the string","duration":0,"failureMessages":[]},{"ancestorTitles":["","Normalization Utilities","normalizeIdentifier"],"fullName":" Normalization Utilities normalizeIdentifier should return empty string for null or undefined","status":"passed","title":"should return empty string for null or undefined","duration":3,"failureMessages":[]},{"ancestorTitles":["","Normalization Utilities","normalizeFormData"],"fullName":" Normalization Utilities normalizeFormData should apply trim and lowercase to specific fields","status":"passed","title":"should apply trim and lowercase to specific fields","duration":9,"failureMessages":[]},{"ancestorTitles":["","Normalization Utilities","normalizeFormData"],"fullName":" Normalization Utilities normalizeFormData should handle missing fields gracefully","status":"passed","title":"should handle missing fields gracefully","duration":2,"failureMessages":[]}],"startTime":1771954152587,"endTime":1771954152623,"status":"passed","message":"","name":"C:/Users/mhali/OneDrive/Desktop/Important Projects/Questerix/admin-panel/src/lib/__tests__/normalization.test.ts"},{"assertionResults":[{"ancestorTitles":["","AppContext — Super Admin Role Detection"],"fullName":" AppContext — Super Admin Role Detection should identify super_admin role correctly","status":"passed","title":"should identify super_admin role correctly","duration":43,"failureMessages":[]},{"ancestorTitles":["","AppContext — Super Admin Role Detection"],"fullName":" AppContext — Super Admin Role Detection should NOT flag regular admin as super admin","status":"passed","title":"should NOT flag regular admin as super admin","duration":2,"failureMessages":[]},{"ancestorTitles":["","AppContext — Super Admin Role Detection"],"fullName":" AppContext — Super Admin Role Detection should NOT flag student as super admin","status":"passed","title":"should NOT flag student as super admin","duration":3,"failureMessages":[]},{"ancestorTitles":["","AppContext — Super Admin Role Detection"],"fullName":" AppContext — Super Admin Role Detection should NOT flag mentor as super admin","status":"passed","title":"should NOT flag mentor as super admin","duration":4,"failureMessages":[]},{"ancestorTitles":["","AppContext — Super Admin Role Detection"],"fullName":" AppContext — Super Admin Role Detection should NOT flag null role as super admin","status":"passed","title":"should NOT flag null role as super admin","duration":10,"failureMessages":[]},{"ancestorTitles":["","AppContext — Super Admin Role Detection"],"fullName":" AppContext — Super Admin Role Detection should reject case-variant attacks (SUPER_ADMIN, Super_Admin)","status":"passed","title":"should reject case-variant attacks (SUPER_ADMIN, Super_Admin)","duration":51,"failureMessages":[]},{"ancestorTitles":["","AppContext — isSuperAdmin derivation logic"],"fullName":" AppContext — isSuperAdmin derivation logic should derive isSuperAdmin=true ONLY for exact \"super_admin\" string","status":"passed","title":"should derive isSuperAdmin=true ONLY for exact \"super_admin\" string","duration":1,"failureMessages":[]},{"ancestorTitles":["","AppContext — isSuperAdmin derivation logic"],"fullName":" AppContext — isSuperAdmin derivation logic should derive isSuperAdmin=false for role \"admin\"","status":"passed","title":"should derive isSuperAdmin=false for role \"admin\"","duration":2,"failureMessages":[]},{"ancestorTitles":["","AppContext — isSuperAdmin derivation logic"],"fullName":" AppContext — isSuperAdmin derivation logic should derive isSuperAdmin=false for role \"student\"","status":"passed","title":"should derive isSuperAdmin=false for role \"student\"","duration":1,"failureMessages":[]},{"ancestorTitles":["","AppContext — isSuperAdmin derivation logic"],"fullName":" AppContext — isSuperAdmin derivation logic should derive isSuperAdmin=false for role \"mentor\"","status":"passed","title":"should derive isSuperAdmin=false for role \"mentor\"","duration":1,"failureMessages":[]},{"ancestorTitles":["","AppContext — isSuperAdmin derivation logic"],"fullName":" AppContext — isSuperAdmin derivation logic should derive isSuperAdmin=false for role \"SUPER_ADMIN\"","status":"passed","title":"should derive isSuperAdmin=false for role \"SUPER_ADMIN\"","duration":0,"failureMessages":[]},{"ancestorTitles":["","AppContext — isSuperAdmin derivation logic"],"fullName":" AppContext — isSuperAdmin derivation logic should derive isSuperAdmin=false for role \"Super_Admin\"","status":"passed","title":"should derive isSuperAdmin=false for role \"Super_Admin\"","duration":1,"failureMessages":[]},{"ancestorTitles":["","AppContext — isSuperAdmin derivation logic"],"fullName":" AppContext — isSuperAdmin derivation logic should derive isSuperAdmin=false for role \"superadmin\"","status":"passed","title":"should derive isSuperAdmin=false for role \"superadmin\"","duration":0,"failureMessages":[]},{"ancestorTitles":["","AppContext — isSuperAdmin derivation logic"],"fullName":" AppContext — isSuperAdmin derivation logic should derive isSuperAdmin=false for role \"\"","status":"passed","title":"should derive isSuperAdmin=false for role \"\"","duration":0,"failureMessages":[]},{"ancestorTitles":["","AppContext — isSuperAdmin derivation logic"],"fullName":" AppContext — isSuperAdmin derivation logic should derive isSuperAdmin=false for role \" super_admin\"","status":"passed","title":"should derive isSuperAdmin=false for role \" super_admin\"","duration":1,"failureMessages":[]},{"ancestorTitles":["","AppContext — isSuperAdmin derivation logic"],"fullName":" AppContext — isSuperAdmin derivation logic should derive isSuperAdmin=false for role \"super_admin \"","status":"passed","title":"should derive isSuperAdmin=false for role \"super_admin \"","duration":1,"failureMessages":[]},{"ancestorTitles":["","AppContext — isSuperAdmin derivation logic"],"fullName":" AppContext — isSuperAdmin derivation logic should derive isSuperAdmin=false for null role","status":"passed","title":"should derive isSuperAdmin=false for null role","duration":1,"failureMessages":[]},{"ancestorTitles":["","AppContext — Context shape validation"],"fullName":" AppContext — Context shape validation should expose all required context fields","status":"passed","title":"should expose all required context fields","duration":5,"failureMessages":[]},{"ancestorTitles":["","AppContext — Context shape validation"],"fullName":" AppContext — Context shape validation should throw when used outside provider","status":"passed","title":"should throw when used outside provider","duration":99,"failureMessages":[]}],"startTime":1771954138511,"endTime":1771954138740,"status":"passed","message":"","name":"C:/Users/mhali/OneDrive/Desktop/Important Projects/Questerix/admin-panel/src/__tests__/contexts/AppContext.test.tsx"},{"assertionResults":[{"ancestorTitles":["","useAIGenerator","initial state"],"fullName":" useAIGenerator initial state should return initial state","status":"passed","title":"should return initial state","duration":51,"failureMessages":[]},{"ancestorTitles":["","useAIGenerator","generate"],"fullName":" useAIGenerator generate should generate questions successfully","status":"passed","title":"should generate questions successfully","duration":32,"failureMessages":[]},{"ancestorTitles":["","useAIGenerator","generate"],"fullName":" useAIGenerator generate should inject skill context when missing from instruction","status":"passed","title":"should inject skill context when missing from instruction","duration":16,"failureMessages":[]},{"ancestorTitles":["","useAIGenerator","generate"],"fullName":" useAIGenerator generate should prepend skill context when not in instruction","status":"passed","title":"should prepend skill context when not in instruction","duration":8,"failureMessages":[]},{"ancestorTitles":["","useAIGenerator","generate"],"fullName":" useAIGenerator generate should handle empty prompt instruction","status":"passed","title":"should handle empty prompt instruction","duration":8,"failureMessages":[]},{"ancestorTitles":["","useAIGenerator","generate"],"fullName":" useAIGenerator generate should handle generation errors","status":"passed","title":"should handle generation errors","duration":6,"failureMessages":[]},{"ancestorTitles":["","useAIGenerator","generate"],"fullName":" useAIGenerator generate should set generating state during process","status":"passed","title":"should set generating state during process","duration":157,"failureMessages":[]},{"ancestorTitles":["","useAIGenerator","generate"],"fullName":" useAIGenerator generate should clear previous error on new generation attempt","status":"passed","title":"should clear previous error on new generation attempt","duration":7,"failureMessages":[]},{"ancestorTitles":["","useAIGenerator","generate"],"fullName":" useAIGenerator generate should handle all difficulty levels","status":"passed","title":"should handle all difficulty levels","duration":8,"failureMessages":[]},{"ancestorTitles":["","useAIGenerator","generate"],"fullName":" useAIGenerator generate should handle zero count","status":"passed","title":"should handle zero count","duration":5,"failureMessages":[]},{"ancestorTitles":["","useAIGenerator","generate"],"fullName":" useAIGenerator generate should handle long skill titles","status":"passed","title":"should handle long skill titles","duration":6,"failureMessages":[]}],"startTime":1771954131628,"endTime":1771954131933,"status":"passed","message":"","name":"C:/Users/mhali/OneDrive/Desktop/Important Projects/Questerix/admin-panel/src/__tests__/hooks/use-ai-generator.test.tsx"},{"assertionResults":[{"ancestorTitles":["","useApp"],"fullName":" useApp should return context value when used within AppProvider","status":"passed","title":"should return context value when used within AppProvider","duration":66,"failureMessages":[]},{"ancestorTitles":["","useApp"],"fullName":" useApp should throw error when used outside AppProvider","status":"passed","title":"should throw error when used outside AppProvider","duration":64,"failureMessages":[]},{"ancestorTitles":["","useApp"],"fullName":" useApp should work with different context values","status":"passed","title":"should work with different context values","duration":4,"failureMessages":[]},{"ancestorTitles":["","useApp"],"fullName":" useApp should preserve function references in context","status":"passed","title":"should preserve function references in context","duration":6,"failureMessages":[]}],"startTime":1771954152710,"endTime":1771954152850,"status":"passed","message":"","name":"C:/Users/mhali/OneDrive/Desktop/Important Projects/Questerix/admin-panel/src/__tests__/hooks/use-app.test.tsx"},{"assertionResults":[{"ancestorTitles":["","useBulkImport","initial state"],"fullName":" useBulkImport initial state should return initial state","status":"passed","title":"should return initial state","duration":108,"failureMessages":[]},{"ancestorTitles":["","useBulkImport","handleFileUpload"],"fullName":" useBulkImport handleFileUpload should handle file upload and parse CSV successfully","status":"passed","title":"should handle file upload and parse CSV successfully","duration":24,"failureMessages":[]},{"ancestorTitles":["","useBulkImport","handleFileUpload"],"fullName":" useBulkImport handleFileUpload should handle parsing errors","status":"passed","title":"should handle parsing errors","duration":7,"failureMessages":[]},{"ancestorTitles":["","useBulkImport","handleFileUpload"],"fullName":" useBulkImport handleFileUpload should return early if no file is selected","status":"passed","title":"should return early if no file is selected","duration":4,"failureMessages":[]},{"ancestorTitles":["","useBulkImport","handleFileUpload"],"fullName":" useBulkImport handleFileUpload should parse CSV rows with correct defaults","status":"passed","title":"should parse CSV rows with correct defaults","duration":20,"failureMessages":[]},{"ancestorTitles":["","useBulkImport","processImport"],"fullName":" useBulkImport processImport should process import successfully in dry run mode","status":"passed","title":"should process import successfully in dry run mode","duration":61,"failureMessages":[]},{"ancestorTitles":["","useBulkImport","processImport"],"fullName":" useBulkImport processImport should process import successfully in production mode","status":"passed","title":"should process import successfully in production mode","duration":9,"failureMessages":[]},{"ancestorTitles":["","useBulkImport","processImport"],"fullName":" useBulkImport processImport should handle import errors","status":"passed","title":"should handle import errors","duration":3,"failureMessages":[]},{"ancestorTitles":["","useBulkImport","processImport"],"fullName":" useBulkImport processImport should handle unexpected errors","status":"passed","title":"should handle unexpected errors","duration":5,"failureMessages":[]},{"ancestorTitles":["","useBulkImport","processImport"],"fullName":" useBulkImport processImport should return early if queue is empty","status":"passed","title":"should return early if queue is empty","duration":3,"failureMessages":[]},{"ancestorTitles":["","useBulkImport","processImport"],"fullName":" useBulkImport processImport should update progress during processing","status":"passed","title":"should update progress during processing","duration":74,"failureMessages":[]},{"ancestorTitles":["","useBulkImport","setImportQueue"],"fullName":" useBulkImport setImportQueue should update import queue","status":"passed","title":"should update import queue","duration":3,"failureMessages":[]},{"ancestorTitles":["","useBulkImport","setIsDryRun"],"fullName":" useBulkImport setIsDryRun should update dry run mode","status":"passed","title":"should update dry run mode","duration":5,"failureMessages":[]}],"startTime":1771954120318,"endTime":1771954120650,"status":"passed","message":"","name":"C:/Users/mhali/OneDrive/Desktop/Important Projects/Questerix/admin-panel/src/__tests__/hooks/use-bulk-import.test.tsx"},{"assertionResults":[{"ancestorTitles":["","useToast","toast function"],"fullName":" useToast toast function should create a toast with unique ID","status":"passed","title":"should create a toast with unique ID","duration":62,"failureMessages":[]},{"ancestorTitles":["","useToast","toast function"],"fullName":" useToast toast function should return dismiss and update functions","status":"passed","title":"should return dismiss and update functions","duration":6,"failureMessages":[]},{"ancestorTitles":["","useToast","toast function"],"fullName":" useToast toast function should limit number of toasts to TOAST_LIMIT","status":"passed","title":"should limit number of toasts to TOAST_LIMIT","duration":15,"failureMessages":[]},{"ancestorTitles":["","useToast","useToast hook"],"fullName":" useToast useToast hook should return initial empty state","status":"passed","title":"should return initial empty state","duration":11,"failureMessages":[]},{"ancestorTitles":["","useToast","useToast hook"],"fullName":" useToast useToast hook should add toast to state","status":"passed","title":"should add toast to state","duration":12,"failureMessages":[]},{"ancestorTitles":["","useToast","useToast hook"],"fullName":" useToast useToast hook should update existing toast","status":"passed","title":"should update existing toast","duration":13,"failureMessages":[]},{"ancestorTitles":["","useToast","useToast hook"],"fullName":" useToast useToast hook should dismiss specific toast","status":"passed","title":"should dismiss specific toast","duration":10,"failureMessages":[]},{"ancestorTitles":["","useToast","useToast hook"],"fullName":" useToast useToast hook should dismiss all toasts when no ID provided","status":"passed","title":"should dismiss all toasts when no ID provided","duration":8,"failureMessages":[]},{"ancestorTitles":["","useToast","useToast hook"],"fullName":" useToast useToast hook should remove toast after timeout","status":"passed","title":"should remove toast after timeout","duration":13,"failureMessages":[]},{"ancestorTitles":["","useToast","useToast hook"],"fullName":" useToast useToast hook should handle multiple listeners correctly","status":"passed","title":"should handle multiple listeners correctly","duration":16,"failureMessages":[]},{"ancestorTitles":["","useToast","useToast hook"],"fullName":" useToast useToast hook should cleanup listener on unmount","status":"passed","title":"should cleanup listener on unmount","duration":13,"failureMessages":[]},{"ancestorTitles":["","useToast","useToast hook"],"fullName":" useToast useToast hook should handle onOpenChange callback","status":"passed","title":"should handle onOpenChange callback","duration":11,"failureMessages":[]},{"ancestorTitles":["","useToast","reducer"],"fullName":" useToast reducer should handle ADD_TOAST action","status":"passed","title":"should handle ADD_TOAST action","duration":14,"failureMessages":[]},{"ancestorTitles":["","useToast","reducer"],"fullName":" useToast reducer should handle UPDATE_TOAST action","status":"passed","title":"should handle UPDATE_TOAST action","duration":21,"failureMessages":[]},{"ancestorTitles":["","useToast","reducer"],"fullName":" useToast reducer should handle REMOVE_TOAST action with specific ID","status":"passed","title":"should handle REMOVE_TOAST action with specific ID","duration":9,"failureMessages":[]},{"ancestorTitles":["","useToast","reducer"],"fullName":" useToast reducer should handle REMOVE_TOAST action without ID","status":"passed","title":"should handle REMOVE_TOAST action without ID","duration":20,"failureMessages":[]},{"ancestorTitles":["","useToast","edge cases"],"fullName":" useToast edge cases should handle empty toast object","status":"passed","title":"should handle empty toast object","duration":11,"failureMessages":[]},{"ancestorTitles":["","useToast","edge cases"],"fullName":" useToast edge cases should handle toast with React nodes","status":"passed","title":"should handle toast with React nodes","duration":12,"failureMessages":[]},{"ancestorTitles":["","useToast","edge cases"],"fullName":" useToast edge cases should handle rapid toast creation and dismissal","status":"passed","title":"should handle rapid toast creation and dismissal","duration":10,"failureMessages":[]},{"ancestorTitles":["","useToast","edge cases"],"fullName":" useToast edge cases should handle dismiss before timeout","status":"passed","title":"should handle dismiss before timeout","duration":7,"failureMessages":[]}],"startTime":1771954117424,"endTime":1771954117722,"status":"passed","message":"","name":"C:/Users/mhali/OneDrive/Desktop/Important Projects/Questerix/admin-panel/src/__tests__/hooks/use-toast.test.tsx"},{"assertionResults":[{"ancestorTitles":["","data-utils","exportToCSV"],"fullName":" data-utils exportToCSV should export data to CSV format","status":"passed","title":"should export data to CSV format","duration":6,"failureMessages":[]},{"ancestorTitles":["","data-utils","exportToCSV"],"fullName":" data-utils exportToCSV should handle empty data array","status":"passed","title":"should handle empty data array","duration":1,"failureMessages":[]},{"ancestorTitles":["","data-utils","exportToCSV"],"fullName":" data-utils exportToCSV should apply transform function when provided","status":"passed","title":"should apply transform function when provided","duration":1,"failureMessages":[]},{"ancestorTitles":["","data-utils","exportToCSV"],"fullName":" data-utils exportToCSV should handle null/undefined values","status":"passed","title":"should handle null/undefined values","duration":0,"failureMessages":[]},{"ancestorTitles":["","data-utils","exportToCSV"],"fullName":" data-utils exportToCSV should escape CSV values with commas","status":"passed","title":"should escape CSV values with commas","duration":1,"failureMessages":[]},{"ancestorTitles":["","data-utils","exportToCSV"],"fullName":" data-utils exportToCSV should escape CSV values with quotes","status":"passed","title":"should escape CSV values with quotes","duration":0,"failureMessages":[]},{"ancestorTitles":["","data-utils","exportToCSV"],"fullName":" data-utils exportToCSV should escape CSV values with newlines","status":"passed","title":"should escape CSV values with newlines","duration":1,"failureMessages":[]},{"ancestorTitles":["","data-utils","exportToJSON"],"fullName":" data-utils exportToJSON should export data to JSON format","status":"passed","title":"should export data to JSON format","duration":1,"failureMessages":[]},{"ancestorTitles":["","data-utils","exportToJSON"],"fullName":" data-utils exportToJSON should handle empty data array","status":"passed","title":"should handle empty data array","duration":0,"failureMessages":[]},{"ancestorTitles":["","data-utils","downloadTemplate"],"fullName":" data-utils downloadTemplate should download CSV template with example data","status":"passed","title":"should download CSV template with example data","duration":1,"failureMessages":[]},{"ancestorTitles":["","data-utils","downloadTemplate"],"fullName":" data-utils downloadTemplate should generate appropriate example values based on headers","status":"passed","title":"should generate appropriate example values based on headers","duration":1,"failureMessages":[]},{"ancestorTitles":["","data-utils","parseCSV"],"fullName":" data-utils parseCSV should parse simple CSV","status":"passed","title":"should parse simple CSV","duration":5,"failureMessages":[]},{"ancestorTitles":["","data-utils","parseCSV"],"fullName":" data-utils parseCSV should parse CSV with quoted values","status":"passed","title":"should parse CSV with quoted values","duration":1,"failureMessages":[]},{"ancestorTitles":["","data-utils","parseCSV"],"fullName":" data-utils parseCSV should parse CSV with quoted quotes","status":"passed","title":"should parse CSV with quoted quotes","duration":1,"failureMessages":[]},{"ancestorTitles":["","data-utils","parseCSV"],"fullName":" data-utils parseCSV should parse CSV with newlines in quotes","status":"passed","title":"should parse CSV with newlines in quotes","duration":0,"failureMessages":[]},{"ancestorTitles":["","data-utils","parseCSV"],"fullName":" data-utils parseCSV should throw error for CSV with only header","status":"passed","title":"should throw error for CSV with only header","duration":2,"failureMessages":[]},{"ancestorTitles":["","data-utils","parseCSV"],"fullName":" data-utils parseCSV should throw error for mismatched column counts","status":"passed","title":"should throw error for mismatched column counts","duration":1,"failureMessages":[]},{"ancestorTitles":["","data-utils","parseCSV"],"fullName":" data-utils parseCSV should handle empty values","status":"passed","title":"should handle empty values","duration":1,"failureMessages":[]},{"ancestorTitles":["","data-utils","parseCSV"],"fullName":" data-utils parseCSV should trim whitespace","status":"passed","title":"should trim whitespace","duration":0,"failureMessages":[]},{"ancestorTitles":["","data-utils","parseJSON"],"fullName":" data-utils parseJSON should parse valid JSON array","status":"passed","title":"should parse valid JSON array","duration":0,"failureMessages":[]},{"ancestorTitles":["","data-utils","parseJSON"],"fullName":" data-utils parseJSON should throw error for non-array JSON","status":"passed","title":"should throw error for non-array JSON","duration":1,"failureMessages":[]},{"ancestorTitles":["","data-utils","parseJSON"],"fullName":" data-utils parseJSON should throw error for invalid JSON","status":"passed","title":"should throw error for invalid JSON","duration":0,"failureMessages":[]},{"ancestorTitles":["","data-utils","readFileAsText"],"fullName":" data-utils readFileAsText should read file as text","status":"passed","title":"should read file as text","duration":20,"failureMessages":[]},{"ancestorTitles":["","data-utils","readFileAsText"],"fullName":" data-utils readFileAsText should handle file read errors","status":"passed","title":"should handle file read errors","duration":18,"failureMessages":[]},{"ancestorTitles":["","data-utils","downloadFile"],"fullName":" data-utils downloadFile should download file with correct parameters","status":"passed","title":"should download file with correct parameters","duration":1,"failureMessages":[]},{"ancestorTitles":["","data-utils","downloadFile"],"fullName":" data-utils downloadFile should handle different MIME types","status":"passed","title":"should handle different MIME types","duration":1,"failureMessages":[]},{"ancestorTitles":["","data-utils","helper functions"],"fullName":" data-utils helper functions should handle complex CSV parsing scenarios","status":"passed","title":"should handle complex CSV parsing scenarios","duration":2,"failureMessages":[]},{"ancestorTitles":["","data-utils","helper functions"],"fullName":" data-utils helper functions should handle empty lines in CSV","status":"passed","title":"should handle empty lines in CSV","duration":1,"failureMessages":[]}],"startTime":1771954117115,"endTime":1771954117184,"status":"passed","message":"","name":"C:/Users/mhali/OneDrive/Desktop/Important Projects/Questerix/admin-panel/src/__tests__/lib/data-utils.test.ts"},{"assertionResults":[{"ancestorTitles":["","file-parsers","parseFile"],"fullName":" file-parsers parseFile should parse PDF files","status":"passed","title":"should parse PDF files","duration":19,"failureMessages":[]},{"ancestorTitles":["","file-parsers","parseFile"],"fullName":" file-parsers parseFile should parse DOCX files","status":"passed","title":"should parse DOCX files","duration":3,"failureMessages":[]},{"ancestorTitles":["","file-parsers","parseFile"],"fullName":" file-parsers parseFile should parse TXT files","status":"passed","title":"should parse TXT files","duration":3,"failureMessages":[]},{"ancestorTitles":["","file-parsers","parseFile"],"fullName":" file-parsers parseFile should handle multiple pages in PDF","status":"passed","title":"should handle multiple pages in PDF","duration":3,"failureMessages":[]},{"ancestorTitles":["","file-parsers","parseFile"],"fullName":" file-parsers parseFile should handle empty PDF pages","status":"passed","title":"should handle empty PDF pages","duration":1,"failureMessages":[]},{"ancestorTitles":["","file-parsers","parseFile"],"fullName":" file-parsers parseFile should throw error for unsupported file types","status":"passed","title":"should throw error for unsupported file types","duration":5,"failureMessages":[]},{"ancestorTitles":["","file-parsers","parseFile"],"fullName":" file-parsers parseFile should handle PDF parsing errors","status":"passed","title":"should handle PDF parsing errors","duration":3,"failureMessages":[]},{"ancestorTitles":["","file-parsers","parseFile"],"fullName":" file-parsers parseFile should handle DOCX parsing errors","status":"passed","title":"should handle DOCX parsing errors","duration":2,"failureMessages":[]},{"ancestorTitles":["","file-parsers","parseFile"],"fullName":" file-parsers parseFile should handle file reading errors for TXT files","status":"passed","title":"should handle file reading errors for TXT files","duration":2,"failureMessages":[]},{"ancestorTitles":["","file-parsers","parseFile"],"fullName":" file-parsers parseFile should handle mammoth warnings","status":"passed","title":"should handle mammoth warnings","duration":3,"failureMessages":[]}],"startTime":1771954132084,"endTime":1771954132128,"status":"passed","message":"","name":"C:/Users/mhali/OneDrive/Desktop/Important Projects/Questerix/admin-panel/src/__tests__/lib/file-parsers.test.ts"},{"assertionResults":[{"ancestorTitles":["","sanitize","sanitizeHtml"],"fullName":" sanitize sanitizeHtml should call DOMPurify.sanitize with correct options","status":"passed","title":"should call DOMPurify.sanitize with correct options","duration":12,"failureMessages":[]},{"ancestorTitles":["","sanitize","sanitizeHtml"],"fullName":" sanitize sanitizeHtml should return empty string for null input","status":"passed","title":"should return empty string for null input","duration":1,"failureMessages":[]},{"ancestorTitles":["","sanitize","sanitizeHtml"],"fullName":" sanitize sanitizeHtml should return empty string for undefined input","status":"passed","title":"should return empty string for undefined input","duration":0,"failureMessages":[]},{"ancestorTitles":["","sanitize","sanitizeHtml"],"fullName":" sanitize sanitizeHtml should return empty string for empty string input","status":"passed","title":"should return empty string for empty string input","duration":1,"failureMessages":[]},{"ancestorTitles":["","sanitize","sanitizeHtml"],"fullName":" sanitize sanitizeHtml should handle string input with whitespace","status":"passed","title":"should handle string input with whitespace","duration":4,"failureMessages":[]},{"ancestorTitles":["","sanitize","sanitizeHtml"],"fullName":" sanitize sanitizeHtml should pass through DOMPurify sanitized content","status":"passed","title":"should pass through DOMPurify sanitized content","duration":1,"failureMessages":[]},{"ancestorTitles":["","sanitize","sanitizeHtml"],"fullName":" sanitize sanitizeHtml should handle complex HTML structures","status":"passed","title":"should handle complex HTML structures","duration":1,"failureMessages":[]},{"ancestorTitles":["","sanitize","sanitizeHtml"],"fullName":" sanitize sanitizeHtml should handle HTML with line breaks","status":"passed","title":"should handle HTML with line breaks","duration":1,"failureMessages":[]},{"ancestorTitles":["","sanitize","sanitizeHtml"],"fullName":" sanitize sanitizeHtml should handle HTML with lists","status":"passed","title":"should handle HTML with lists","duration":1,"failureMessages":[]},{"ancestorTitles":["","sanitize","sanitizeHtml"],"fullName":" sanitize sanitizeHtml should handle HTML with code blocks","status":"passed","title":"should handle HTML with code blocks","duration":3,"failureMessages":[]},{"ancestorTitles":["","sanitize","sanitizeHtml"],"fullName":" sanitize sanitizeHtml should handle HTML with blockquotes","status":"passed","title":"should handle HTML with blockquotes","duration":3,"failureMessages":[]},{"ancestorTitles":["","sanitize","sanitizeHtml"],"fullName":" sanitize sanitizeHtml should handle underlined text","status":"passed","title":"should handle underlined text","duration":1,"failureMessages":[]},{"ancestorTitles":["","sanitize","sanitizeHtml"],"fullName":" sanitize sanitizeHtml should handle all heading levels","status":"passed","title":"should handle all heading levels","duration":1,"failureMessages":[]},{"ancestorTitles":["","sanitize","sanitizeHtml"],"fullName":" sanitize sanitizeHtml should strip disallowed tags","status":"passed","title":"should strip disallowed tags","duration":1,"failureMessages":[]},{"ancestorTitles":["","sanitize","sanitizeHtml"],"fullName":" sanitize sanitizeHtml should handle very long HTML strings","status":"passed","title":"should handle very long HTML strings","duration":1,"failureMessages":[]},{"ancestorTitles":["","sanitize","sanitizeHtml"],"fullName":" sanitize sanitizeHtml should handle HTML with special characters","status":"passed","title":"should handle HTML with special characters","duration":0,"failureMessages":[]},{"ancestorTitles":["","sanitize","sanitizeHtml"],"fullName":" sanitize sanitizeHtml should handle malformed HTML","status":"passed","title":"should handle malformed HTML","duration":1,"failureMessages":[]},{"ancestorTitles":["","sanitize","sanitizeHtml"],"fullName":" sanitize sanitizeHtml should handle empty tags","status":"passed","title":"should handle empty tags","duration":0,"failureMessages":[]}],"startTime":1771954132060,"endTime":1771954132094,"status":"passed","message":"","name":"C:/Users/mhali/OneDrive/Desktop/Important Projects/Questerix/admin-panel/src/__tests__/lib/sanitize.test.ts"},{"assertionResults":[{"ancestorTitles":["","Database Schema Sync"],"fullName":" Database Schema Sync should export Database type","status":"passed","title":"should export Database type","duration":3,"failureMessages":[]},{"ancestorTitles":["","Database Schema Sync"],"fullName":" Database Schema Sync should be a valid non-empty file (>10KB)","status":"passed","title":"should be a valid non-empty file (>10KB)","duration":1,"failureMessages":[]},{"ancestorTitles":["","Database Schema Sync"],"fullName":" Database Schema Sync should contain key RPC functions (validate_and_use_invitation_code, consume_tenant_tokens)","status":"passed","title":"should contain key RPC functions (validate_and_use_invitation_code, consume_tenant_tokens)","duration":1,"failureMessages":[]}],"startTime":1771954154871,"endTime":1771954154876,"status":"passed","message":"","name":"C:/Users/mhali/OneDrive/Desktop/Important Projects/Questerix/admin-panel/src/__tests__/lib/schema-sync.test.ts"},{"assertionResults":[{"ancestorTitles":["","Utility Functions - Prevention Guards"],"fullName":" Utility Functions - Prevention Guards should normalize identifiers (trim + lowercase + null safe)","status":"passed","title":"should normalize identifiers (trim + lowercase + null safe)","duration":4,"failureMessages":[]},{"ancestorTitles":["","Utility Functions - Prevention Guards"],"fullName":" Utility Functions - Prevention Guards should format identifiers correctly","status":"passed","title":"should format identifiers correctly","duration":1,"failureMessages":[]}],"startTime":1771954154893,"endTime":1771954154898,"status":"passed","message":"","name":"C:/Users/mhali/OneDrive/Desktop/Important Projects/Questerix/admin-panel/src/__tests__/lib/utils.test.ts"},{"assertionResults":[{"ancestorTitles":["","Performance Baseline & Chunk Separation"],"fullName":" Performance Baseline & Chunk Separation should split heavy vendor chunks (document-vendor, ui-vendor, editor-vendor)","status":"passed","title":"should split heavy vendor chunks (document-vendor, ui-vendor, editor-vendor)","duration":12,"failureMessages":[]},{"ancestorTitles":["","Performance Baseline & Chunk Separation"],"fullName":" Performance Baseline & Chunk Separation should maintain reasonable chunk sizes (< 1MB for non-document vendors)","status":"passed","title":"should maintain reasonable chunk sizes (< 1MB for non-document vendors)","duration":20,"failureMessages":[]}],"startTime":1771954149755,"endTime":1771954149787,"status":"passed","message":"","name":"C:/Users/mhali/OneDrive/Desktop/Important Projects/Questerix/admin-panel/src/__tests__/performance/chunk-analysis.test.ts"},{"assertionResults":[{"ancestorTitles":["","UI Resilience & Prevention"],"fullName":" UI Resilience & Prevention should render back button in AdminHeader when backTo prop is provided","status":"passed","title":"should render back button in AdminHeader when backTo prop is provided","duration":1029,"failureMessages":[]},{"ancestorTitles":["","UI Resilience & Prevention"],"fullName":" UI Resilience & Prevention should NOT render back button in AdminHeader when backTo is missing","status":"passed","title":"should NOT render back button in AdminHeader when backTo is missing","duration":9,"failureMessages":[]},{"ancestorTitles":["","UI Resilience & Prevention"],"fullName":" UI Resilience & Prevention should highlight active route in Sidebar","status":"passed","title":"should highlight active route in Sidebar","duration":503,"failureMessages":[]},{"ancestorTitles":["","UI Resilience & Prevention"],"fullName":" UI Resilience & Prevention should handle missing session gracefully in Sidebar (Simulate 4.1 equivalent)","status":"passed","title":"should handle missing session gracefully in Sidebar (Simulate 4.1 equivalent)","duration":224,"failureMessages":[]}],"startTime":1771954141615,"endTime":1771954143381,"status":"passed","message":"","name":"C:/Users/mhali/OneDrive/Desktop/Important Projects/Questerix/admin-panel/src/__tests__/ui/react-resilience.test.tsx"},{"assertionResults":[{"ancestorTitles":["","CurriculumService","importQuestionsBulk"],"fullName":" CurriculumService importQuestionsBulk should return success for valid questions in dry run mode","status":"passed","title":"should return success for valid questions in dry run mode","duration":7,"failureMessages":[]},{"ancestorTitles":["","CurriculumService","importQuestionsBulk"],"fullName":" CurriculumService importQuestionsBulk should validate all questions before processing","status":"passed","title":"should validate all questions before processing","duration":2,"failureMessages":[]},{"ancestorTitles":["","CurriculumService","importQuestionsBulk"],"fullName":" CurriculumService importQuestionsBulk should handle empty array successfully","status":"passed","title":"should handle empty array successfully","duration":1,"failureMessages":[]},{"ancestorTitles":["","CurriculumService","importQuestionsBulk"],"fullName":" CurriculumService importQuestionsBulk should batch questions when count exceeds batch size","status":"passed","title":"should batch questions when count exceeds batch size","duration":4,"failureMessages":[]},{"ancestorTitles":["","CurriculumService","importQuestionsBulk"],"fullName":" CurriculumService importQuestionsBulk should handle RPC errors gracefully","status":"passed","title":"should handle RPC errors gracefully","duration":1,"failureMessages":[]},{"ancestorTitles":["","CurriculumService","importQuestionsBulk"],"fullName":" CurriculumService importQuestionsBulk should handle database rejection","status":"passed","title":"should handle database rejection","duration":1,"failureMessages":[]},{"ancestorTitles":["","CurriculumService","importQuestionsBulk"],"fullName":" CurriculumService importQuestionsBulk should handle partial batch failures","status":"passed","title":"should handle partial batch failures","duration":2,"failureMessages":[]},{"ancestorTitles":["","CurriculumService","importQuestionsBulk"],"fullName":" CurriculumService importQuestionsBulk should handle unexpected errors","status":"passed","title":"should handle unexpected errors","duration":17,"failureMessages":[]},{"ancestorTitles":["","CurriculumService","importQuestionsBulk"],"fullName":" CurriculumService importQuestionsBulk should use default batch size of 50","status":"passed","title":"should use default batch size of 50","duration":2,"failureMessages":[]}],"startTime":1771954131972,"endTime":1771954132010,"status":"passed","message":"","name":"C:/Users/mhali/OneDrive/Desktop/Important Projects/Questerix/admin-panel/src/__tests__/services/CurriculumService.test.ts"},{"assertionResults":[{"ancestorTitles":["","OracleService","search"],"fullName":" OracleService search should return empty array for empty query","status":"passed","title":"should return empty array for empty query","duration":6,"failureMessages":[]},{"ancestorTitles":["","OracleService","search"],"fullName":" OracleService search should return empty array for short query","status":"passed","title":"should return empty array for short query","duration":1,"failureMessages":[]},{"ancestorTitles":["","OracleService","search"],"fullName":" OracleService search should call oracle-query Edge Function with correct parameters","status":"passed","title":"should call oracle-query Edge Function with correct parameters","duration":6,"failureMessages":[]},{"ancestorTitles":["","OracleService","search"],"fullName":" OracleService search should handle invoke errors","status":"passed","title":"should handle invoke errors","duration":2,"failureMessages":[]},{"ancestorTitles":["","OracleService","search"],"fullName":" OracleService search should handle unexpected errors","status":"passed","title":"should handle unexpected errors","duration":5,"failureMessages":[]},{"ancestorTitles":["","OracleService","findSolutionForError"],"fullName":" OracleService findSolutionForError should format error message into a query","status":"passed","title":"should format error message into a query","duration":2,"failureMessages":[]},{"ancestorTitles":["","OracleService","findSolutionForError"],"fullName":" OracleService findSolutionForError should handle Error objects","status":"passed","title":"should handle Error objects","duration":1,"failureMessages":[]},{"ancestorTitles":["","OracleService","findSolutionForError"],"fullName":" OracleService findSolutionForError should truncate long error messages","status":"passed","title":"should truncate long error messages","duration":1,"failureMessages":[]}],"startTime":1771954143244,"endTime":1771954143271,"status":"passed","message":"","name":"C:/Users/mhali/OneDrive/Desktop/Important Projects/Questerix/admin-panel/src/__tests__/services/OracleService.test.ts"},{"assertionResults":[{"ancestorTitles":["","SecurityLogger","log"],"fullName":" SecurityLogger log should call log_security_event RPC with correct parameters","status":"passed","title":"should call log_security_event RPC with correct parameters","duration":12,"failureMessages":[]},{"ancestorTitles":["","SecurityLogger","log"],"fullName":" SecurityLogger log should handle optional fields","status":"passed","title":"should handle optional fields","duration":9,"failureMessages":[]},{"ancestorTitles":["","SecurityLogger","log"],"fullName":" SecurityLogger log should log to console in development on success","status":"passed","title":"should log to console in development on success","duration":4,"failureMessages":[]},{"ancestorTitles":["","SecurityLogger","log"],"fullName":" SecurityLogger log should log to console.error in development on failure","status":"passed","title":"should log to console.error in development on failure","duration":2,"failureMessages":[]},{"ancestorTitles":["","SecurityLogger","log"],"fullName":" SecurityLogger log should handle unexpected errors without throwing","status":"passed","title":"should handle unexpected errors without throwing","duration":12,"failureMessages":[]},{"ancestorTitles":["","SecurityLogger","Convenience Methods"],"fullName":" SecurityLogger Convenience Methods should log login","status":"passed","title":"should log login","duration":6,"failureMessages":[]},{"ancestorTitles":["","SecurityLogger","Convenience Methods"],"fullName":" SecurityLogger Convenience Methods should log logout","status":"passed","title":"should log logout","duration":1,"failureMessages":[]},{"ancestorTitles":["","SecurityLogger","Convenience Methods"],"fullName":" SecurityLogger Convenience Methods should log sensitive action","status":"passed","title":"should log sensitive action","duration":2,"failureMessages":[]}],"startTime":1771954138182,"endTime":1771954138231,"status":"passed","message":"","name":"C:/Users/mhali/OneDrive/Desktop/Important Projects/Questerix/admin-panel/src/__tests__/services/SecurityLogger.test.ts"},{"assertionResults":[{"ancestorTitles":["","Bundle Safety & Secret Scanning"],"fullName":" Bundle Safety & Secret Scanning should not contain VITE_SUPABASE_SERVICE_ROLE_KEY in client code","status":"passed","title":"should not contain VITE_SUPABASE_SERVICE_ROLE_KEY in client code","duration":66,"failureMessages":[]},{"ancestorTitles":["","Bundle Safety & Secret Scanning"],"fullName":" Bundle Safety & Secret Scanning should not contain direct API key imports (OpenAI/Gemini)","status":"passed","title":"should not contain direct API key imports (OpenAI/Gemini)","duration":46,"failureMessages":[]},{"ancestorTitles":["","Bundle Safety & Secret Scanning"],"fullName":" Bundle Safety & Secret Scanning should not expose role escalation in signUp payloads","status":"passed","title":"should not expose role escalation in signUp payloads","duration":68,"failureMessages":[]},{"ancestorTitles":["","Bundle Safety & Secret Scanning"],"fullName":" Bundle Safety & Secret Scanning should not console.log sensitive invitation codes","status":"passed","title":"should not console.log sensitive invitation codes","duration":106,"failureMessages":[]}],"startTime":1771954143614,"endTime":1771954143901,"status":"passed","message":"","name":"C:/Users/mhali/OneDrive/Desktop/Important Projects/Questerix/admin-panel/src/__tests__/security/bundle-safety.test.ts"},{"assertionResults":[{"ancestorTitles":["","Input Escaping Security"],"fullName":" Input Escaping Security should escape PostgREST wildcard characters (%, _, \\)","status":"passed","title":"should escape PostgREST wildcard characters (%, _, \\)","duration":4,"failureMessages":[]},{"ancestorTitles":["","Input Escaping Security"],"fullName":" Input Escaping Security should build injection-safe ilike filter strings","status":"passed","title":"should build injection-safe ilike filter strings","duration":1,"failureMessages":[]}],"startTime":1771954153829,"endTime":1771954153834,"status":"passed","message":"","name":"C:/Users/mhali/OneDrive/Desktop/Important Projects/Questerix/admin-panel/src/__tests__/security/input-escaping.test.ts"},{"assertionResults":[{"ancestorTitles":["","Multi-tenant Data Integrity Guards"],"fullName":" Multi-tenant Data Integrity Guards every .insert() on tenant tables must include app_id","status":"passed","title":"every .insert() on tenant tables must include app_id","duration":58,"failureMessages":[]},{"ancestorTitles":["","Multi-tenant Data Integrity Guards"],"fullName":" Multi-tenant Data Integrity Guards every .update() on tenant tables must include app_id filter","status":"passed","title":"every .update() on tenant tables must include app_id filter","duration":58,"failureMessages":[]}],"startTime":1771954145111,"endTime":1771954145228,"status":"passed","message":"","name":"C:/Users/mhali/OneDrive/Desktop/Important Projects/Questerix/admin-panel/src/__tests__/security/multi-tenant-guards.test.ts"},{"assertionResults":[{"ancestorTitles":["","AuthConfirmPage","Token detection","Priority 1 — hash fragment (#token_hash=…) — our email template format"],"fullName":" AuthConfirmPage Token detection Priority 1 — hash fragment (#token_hash=…) — our email template format recovery: shows password form and h1=\"Set New Password\"","status":"passed","title":"recovery: shows password form and h1=\"Set New Password\"","duration":1050,"failureMessages":[]},{"ancestorTitles":["","AuthConfirmPage","Token detection","Priority 1 — hash fragment (#token_hash=…) — our email template format"],"fullName":" AuthConfirmPage Token detection Priority 1 — hash fragment (#token_hash=…) — our email template format signup: shows confirm button and h1=\"Confirm Your Account\"","status":"passed","title":"signup: shows confirm button and h1=\"Confirm Your Account\"","duration":260,"failureMessages":[]},{"ancestorTitles":["","AuthConfirmPage","Token detection","Priority 1 — hash fragment (#token_hash=…) — our email template format"],"fullName":" AuthConfirmPage Token detection Priority 1 — hash fragment (#token_hash=…) — our email template format magiclink: shows confirm button","status":"passed","title":"magiclink: shows confirm button","duration":181,"failureMessages":[]},{"ancestorTitles":["","AuthConfirmPage","Token detection","Priority 1 — hash fragment (#token_hash=…) — our email template format"],"fullName":" AuthConfirmPage Token detection Priority 1 — hash fragment (#token_hash=…) — our email template format email_change: shows confirm button","status":"passed","title":"email_change: shows confirm button","duration":109,"failureMessages":[]},{"ancestorTitles":["","AuthConfirmPage","Token detection","Priority 1 — hash fragment (#token_hash=…) — our email template format"],"fullName":" AuthConfirmPage Token detection Priority 1 — hash fragment (#token_hash=…) — our email template format DOES NOT call verifyOtp or updateUser on mount — token only consumed on click","status":"passed","title":"DOES NOT call verifyOtp or updateUser on mount — token only consumed on click","duration":18,"failureMessages":[]},{"ancestorTitles":["","AuthConfirmPage","Token detection","Priority 2 — URL params (?token_hash=…) — Supabase PKCE redirect"],"fullName":" AuthConfirmPage Token detection Priority 2 — URL params (?token_hash=…) — Supabase PKCE redirect recovery: shows password form from URL params","status":"passed","title":"recovery: shows password form from URL params","duration":22,"failureMessages":[]},{"ancestorTitles":["","AuthConfirmPage","Token detection","Priority 2 — URL params (?token_hash=…) — Supabase PKCE redirect"],"fullName":" AuthConfirmPage Token detection Priority 2 — URL params (?token_hash=…) — Supabase PKCE redirect hash fragment takes priority over URL params","status":"passed","title":"hash fragment takes priority over URL params","duration":127,"failureMessages":[]},{"ancestorTitles":["","AuthConfirmPage","Token detection","Priority 3 — legacy #access_token=… (Supabase implicit flow)"],"fullName":" AuthConfirmPage Token detection Priority 3 — legacy #access_token=… (Supabase implicit flow) recovery: shows password form","status":"passed","title":"recovery: shows password form","duration":44,"failureMessages":[]},{"ancestorTitles":["","AuthConfirmPage","Token detection","No token — redirect to login"],"fullName":" AuthConfirmPage Token detection No token — redirect to login redirects when URL is completely empty","status":"passed","title":"redirects when URL is completely empty","duration":23,"failureMessages":[]},{"ancestorTitles":["","AuthConfirmPage","Token detection","No token — redirect to login"],"fullName":" AuthConfirmPage Token detection No token — redirect to login redirects when URL has only unrelated params","status":"passed","title":"redirects when URL has only unrelated params","duration":32,"failureMessages":[]},{"ancestorTitles":["","AuthConfirmPage","Token detection","No token — redirect to login"],"fullName":" AuthConfirmPage Token detection No token — redirect to login redirects exactly once","status":"passed","title":"redirects exactly once","duration":15,"failureMessages":[]},{"ancestorTitles":["","AuthConfirmPage","URL error state"],"fullName":" AuthConfirmPage URL error state shows decoded error_description from hash","status":"passed","title":"shows decoded error_description from hash","duration":26,"failureMessages":[]},{"ancestorTitles":["","AuthConfirmPage","URL error state"],"fullName":" AuthConfirmPage URL error state shows generic message when error_description is missing","status":"passed","title":"shows generic message when error_description is missing","duration":15,"failureMessages":[]},{"ancestorTitles":["","AuthConfirmPage","URL error state"],"fullName":" AuthConfirmPage URL error state shows \"Link Expired\" heading in error state","status":"passed","title":"shows \"Link Expired\" heading in error state","duration":156,"failureMessages":[]},{"ancestorTitles":["","AuthConfirmPage","URL error state"],"fullName":" AuthConfirmPage URL error state does not show password fields in error state","status":"passed","title":"does not show password fields in error state","duration":21,"failureMessages":[]},{"ancestorTitles":["","AuthConfirmPage","URL error state"],"fullName":" AuthConfirmPage URL error state error_code in URL search params is also handled","status":"passed","title":"error_code in URL search params is also handled","duration":37,"failureMessages":[]},{"ancestorTitles":["","AuthConfirmPage","Password validation"],"fullName":" AuthConfirmPage Password validation rejects passwords shorter than 8 characters","status":"passed","title":"rejects passwords shorter than 8 characters","duration":199,"failureMessages":[]},{"ancestorTitles":["","AuthConfirmPage","Password validation"],"fullName":" AuthConfirmPage Password validation rejects when passwords do not match","status":"passed","title":"rejects when passwords do not match","duration":152,"failureMessages":[]},{"ancestorTitles":["","AuthConfirmPage","Password validation"],"fullName":" AuthConfirmPage Password validation accepts exactly 8-character passwords","status":"passed","title":"accepts exactly 8-character passwords","duration":139,"failureMessages":[]},{"ancestorTitles":["","AuthConfirmPage","Password validation"],"fullName":" AuthConfirmPage Password validation never calls Supabase when client validation fails","status":"passed","title":"never calls Supabase when client validation fails","duration":131,"failureMessages":[]},{"ancestorTitles":["","AuthConfirmPage","Successful password reset"],"fullName":" AuthConfirmPage Successful password reset calls verifyOtp with the token_hash from the hash fragment","status":"passed","title":"calls verifyOtp with the token_hash from the hash fragment","duration":158,"failureMessages":[]},{"ancestorTitles":["","AuthConfirmPage","Successful password reset"],"fullName":" AuthConfirmPage Successful password reset calls updateUser with the new password after OTP is verified","status":"passed","title":"calls updateUser with the new password after OTP is verified","duration":192,"failureMessages":[]},{"ancestorTitles":["","AuthConfirmPage","Successful password reset"],"fullName":" AuthConfirmPage Successful password reset does NOT call updateUser before verifyOtp completes","status":"passed","title":"does NOT call updateUser before verifyOtp completes","duration":305,"failureMessages":[]},{"ancestorTitles":["","AuthConfirmPage","Successful password reset"],"fullName":" AuthConfirmPage Successful password reset shows h1=\"All Done!\" and success copy after password is updated","status":"passed","title":"shows h1=\"All Done!\" and success copy after password is updated","duration":366,"failureMessages":[]},{"ancestorTitles":["","AuthConfirmPage","Successful password reset"],"fullName":" AuthConfirmPage Successful password reset hides password form on success","status":"passed","title":"hides password form on success","duration":283,"failureMessages":[]},{"ancestorTitles":["","AuthConfirmPage","Successful password reset"],"fullName":" AuthConfirmPage Successful password reset redirects to /login after 2-second delay","status":"passed","title":"redirects to /login after 2-second delay","duration":466,"failureMessages":[]},{"ancestorTitles":["","AuthConfirmPage","Successful password reset"],"fullName":" AuthConfirmPage Successful password reset uses a 2000ms delay for the redirect (not immediate)","status":"passed","title":"uses a 2000ms delay for the redirect (not immediate)","duration":510,"failureMessages":[]},{"ancestorTitles":["","AuthConfirmPage","Supabase API errors"],"fullName":" AuthConfirmPage Supabase API errors shows the error message from verifyOtp","status":"passed","title":"shows the error message from verifyOtp","duration":227,"failureMessages":[]},{"ancestorTitles":["","AuthConfirmPage","Supabase API errors"],"fullName":" AuthConfirmPage Supabase API errors shows the error message from updateUser","status":"passed","title":"shows the error message from updateUser","duration":283,"failureMessages":[]},{"ancestorTitles":["","AuthConfirmPage","Supabase API errors"],"fullName":" AuthConfirmPage Supabase API errors shows fallback message for non-Error thrown values","status":"passed","title":"shows fallback message for non-Error thrown values","duration":175,"failureMessages":[]},{"ancestorTitles":["","AuthConfirmPage","Supabase API errors"],"fullName":" AuthConfirmPage Supabase API errors shows \"← Try again\" link on recovery API error","status":"passed","title":"shows \"← Try again\" link on recovery API error","duration":135,"failureMessages":[]},{"ancestorTitles":["","AuthConfirmPage","Supabase API errors"],"fullName":" AuthConfirmPage Supabase API errors \"← Try again\" restores the password form","status":"passed","title":"\"← Try again\" restores the password form","duration":186,"failureMessages":[]},{"ancestorTitles":["","AuthConfirmPage","Supabase API errors"],"fullName":" AuthConfirmPage Supabase API errors updateUser is NOT called if verifyOtp fails","status":"passed","title":"updateUser is NOT called if verifyOtp fails","duration":122,"failureMessages":[]},{"ancestorTitles":["","AuthConfirmPage","Non-recovery confirmation flows"],"fullName":" AuthConfirmPage Non-recovery confirmation flows signup: calls verifyOtp with type=signup and navigates to \"/\" on success","status":"passed","title":"signup: calls verifyOtp with type=signup and navigates to \"/\" on success","duration":77,"failureMessages":[]},{"ancestorTitles":["","AuthConfirmPage","Non-recovery confirmation flows"],"fullName":" AuthConfirmPage Non-recovery confirmation flows magiclink: calls verifyOtp with type=magiclink","status":"passed","title":"magiclink: calls verifyOtp with type=magiclink","duration":154,"failureMessages":[]},{"ancestorTitles":["","AuthConfirmPage","Non-recovery confirmation flows"],"fullName":" AuthConfirmPage Non-recovery confirmation flows email_change: calls verifyOtp with type=email_change","status":"passed","title":"email_change: calls verifyOtp with type=email_change","duration":154,"failureMessages":[]},{"ancestorTitles":["","AuthConfirmPage","Non-recovery confirmation flows"],"fullName":" AuthConfirmPage Non-recovery confirmation flows signup: shows error message when verifyOtp fails","status":"passed","title":"signup: shows error message when verifyOtp fails","duration":98,"failureMessages":[]},{"ancestorTitles":["","AuthConfirmPage","Unknown auth type"],"fullName":" AuthConfirmPage Unknown auth type shows \"Unknown auth type\" error when type is unrecognised","status":"passed","title":"shows \"Unknown auth type\" error when type is unrecognised","duration":155,"failureMessages":[]},{"ancestorTitles":["","AuthConfirmPage","Loading state"],"fullName":" AuthConfirmPage Loading state disables the submit button and shows \"Verifying…\" while awaiting Supabase","status":"passed","title":"disables the submit button and shows \"Verifying…\" while awaiting Supabase","duration":246,"failureMessages":[]},{"ancestorTitles":["","AuthConfirmPage","Loading state"],"fullName":" AuthConfirmPage Loading state disables both password inputs during loading","status":"passed","title":"disables both password inputs during loading","duration":121,"failureMessages":[]},{"ancestorTitles":["","AuthConfirmPage","Loading state"],"fullName":" AuthConfirmPage Loading state re-enables the form after an error","status":"passed","title":"re-enables the form after an error","duration":164,"failureMessages":[]},{"ancestorTitles":["","AuthConfirmPage","Navigation"],"fullName":" AuthConfirmPage Navigation navigates to /login (replace) from the idle recovery form","status":"passed","title":"navigates to /login (replace) from the idle recovery form","duration":112,"failureMessages":[]},{"ancestorTitles":["","AuthConfirmPage","Navigation"],"fullName":" AuthConfirmPage Navigation navigates to /login (replace) from the URL error screen","status":"passed","title":"navigates to /login (replace) from the URL error screen","duration":86,"failureMessages":[]},{"ancestorTitles":["","AuthConfirmPage","Navigation"],"fullName":" AuthConfirmPage Navigation uses replace:true on all redirects (prevents back-button re-trigger)","status":"passed","title":"uses replace:true on all redirects (prevents back-button re-trigger)","duration":9,"failureMessages":[]},{"ancestorTitles":["","AuthConfirmPage","Keyboard UX"],"fullName":" AuthConfirmPage Keyboard UX Enter on confirm password field submits the form","status":"passed","title":"Enter on confirm password field submits the form","duration":55,"failureMessages":[]},{"ancestorTitles":["","AuthConfirmPage","Keyboard UX"],"fullName":" AuthConfirmPage Keyboard UX Enter on confirm password field triggers client validation (short password)","status":"passed","title":"Enter on confirm password field triggers client validation (short password)","duration":43,"failureMessages":[]}],"startTime":1771954117341,"endTime":1771954124987,"status":"passed","message":"","name":"C:/Users/mhali/OneDrive/Desktop/Important Projects/Questerix/admin-panel/src/features/auth/pages/AuthConfirmPage.test.tsx"},{"assertionResults":[{"ancestorTitles":["","LoginPage — Initial render"],"fullName":" LoginPage — Initial render renders the sign-in form by default","status":"passed","title":"renders the sign-in form by default","duration":1973,"failureMessages":[]},{"ancestorTitles":["","LoginPage — Initial render"],"fullName":" LoginPage — Initial render redirects to dashboard if user already has an active session","status":"passed","title":"redirects to dashboard if user already has an active session","duration":341,"failureMessages":[]},{"ancestorTitles":["","LoginPage — Initial render"],"fullName":" LoginPage — Initial render does NOT redirect if session is null","status":"passed","title":"does NOT redirect if session is null","duration":168,"failureMessages":[]},{"ancestorTitles":["","LoginPage — Login success"],"fullName":" LoginPage — Login success calls signInWithPassword with the submitted email and password","status":"passed","title":"calls signInWithPassword with the submitted email and password","duration":492,"failureMessages":[]},{"ancestorTitles":["","LoginPage — Login success"],"fullName":" LoginPage — Login success calls SecurityLogger.logLogin on successful sign-in","status":"passed","title":"calls SecurityLogger.logLogin on successful sign-in","duration":588,"failureMessages":[]},{"ancestorTitles":["","LoginPage — Login success"],"fullName":" LoginPage — Login success navigates to \"/\" on successful sign-in","status":"passed","title":"navigates to \"/\" on successful sign-in","duration":455,"failureMessages":[]},{"ancestorTitles":["","LoginPage — Login success"],"fullName":" LoginPage — Login success does NOT call SecurityLogger.log(failed_login) on success","status":"passed","title":"does NOT call SecurityLogger.log(failed_login) on success","duration":382,"failureMessages":[]},{"ancestorTitles":["","LoginPage — Login failure & anti-enumeration"],"fullName":" LoginPage — Login failure & anti-enumeration shows error message on wrong credentials","status":"passed","title":"shows error message on wrong credentials","duration":555,"failureMessages":[]},{"ancestorTitles":["","LoginPage — Login failure & anti-enumeration"],"fullName":" LoginPage — Login failure & anti-enumeration calls SecurityLogger.log with eventType=failed_login on auth failure","status":"p
[...]
ulkDeleteDomains — AP-CURR-011"],"fullName":" useBulkDeleteDomains — AP-CURR-011 AP-CURR-011b: super admin can bulk-delete without app_id filter","status":"passed","title":"AP-CURR-011b: super admin can bulk-delete without app_id filter","duration":13,"failureMessages":[]},{"ancestorTitles":["","useBulkDeleteDomains — AP-CURR-011"],"fullName":" useBulkDeleteDomains — AP-CURR-011 AP-CURR-011c: throws when no app and not super admin","status":"passed","title":"AP-CURR-011c: throws when no app and not super admin","duration":11,"failureMessages":[]},{"ancestorTitles":["","useBulkUpdateDomainsStatus — AP-CURR-012"],"fullName":" useBulkUpdateDomainsStatus — AP-CURR-012 AP-CURR-012: updates status to \"published\" for multiple domains","status":"passed","title":"AP-CURR-012: updates status to \"published\" for multiple domains","duration":8,"failureMessages":[]},{"ancestorTitles":["","useBulkUpdateDomainsStatus — AP-CURR-012"],"fullName":" useBulkUpdateDomainsStatus — AP-CURR-012 AP-CURR-012b: updates status to \"draft\" for rollback","status":"passed","title":"AP-CURR-012b: updates status to \"draft\" for rollback","duration":6,"failureMessages":[]},{"ancestorTitles":["","useBulkUpdateDomainsStatus — AP-CURR-012"],"fullName":" useBulkUpdateDomainsStatus — AP-CURR-012 AP-CURR-012c: scopes to app_id for tenant admin","status":"passed","title":"AP-CURR-012c: scopes to app_id for tenant admin","duration":6,"failureMessages":[]},{"ancestorTitles":["","useUpdateDomainOrder — AP-CURR-013"],"fullName":" useUpdateDomainOrder — AP-CURR-013 AP-CURR-013: issues one update per domain with correct sort_order","status":"passed","title":"AP-CURR-013: issues one update per domain with correct sort_order","duration":8,"failureMessages":[]},{"ancestorTitles":["","useUpdateDomainOrder — AP-CURR-013"],"fullName":" useUpdateDomainOrder — AP-CURR-013 AP-CURR-013b: tenant admin update includes app_id filter per domain","status":"passed","title":"AP-CURR-013b: tenant admin update includes app_id filter per domain","duration":8,"failureMessages":[]},{"ancestorTitles":["","useUpdateDomainOrder — AP-CURR-013"],"fullName":" useUpdateDomainOrder — AP-CURR-013 AP-CURR-013c: throws aggregate error when any update fails","status":"passed","title":"AP-CURR-013c: throws aggregate error when any update fails","duration":7,"failureMessages":[]},{"ancestorTitles":["","useBulkCreateDomains — AP-CURR-014"],"fullName":" useBulkCreateDomains — AP-CURR-014 AP-CURR-014: inserts multiple domains, each stamped with app_id","status":"passed","title":"AP-CURR-014: inserts multiple domains, each stamped with app_id","duration":8,"failureMessages":[]},{"ancestorTitles":["","useBulkCreateDomains — AP-CURR-014"],"fullName":" useBulkCreateDomains — AP-CURR-014 AP-CURR-014b: throws when no app is selected","status":"passed","title":"AP-CURR-014b: throws when no app is selected","duration":6,"failureMessages":[]},{"ancestorTitles":["","useBulkCreateDomains — AP-CURR-014"],"fullName":" useBulkCreateDomains — AP-CURR-014 AP-CURR-014c: propagates Supabase error on partial failure","status":"passed","title":"AP-CURR-014c: propagates Supabase error on partial failure","duration":5,"failureMessages":[]}],"startTime":1771954117391,"endTime":1771954117560,"status":"passed","message":"","name":"C:/Users/mhali/OneDrive/Desktop/Important Projects/Questerix/admin-panel/src/features/curriculum/hooks/__tests__/use-domains-bulk.test.tsx"},{"assertionResults":[{"ancestorTitles":["","useDomains","useDomains hook"],"fullName":" useDomains useDomains hook should fetch domains for current app","status":"passed","title":"should fetch domains for current app","duration":170,"failureMessages":[]},{"ancestorTitles":["","useDomains","useDomains hook"],"fullName":" useDomains useDomains hook should throw error when no app is selected","status":"passed","title":"should throw error when no app is selected","duration":7,"failureMessages":[]},{"ancestorTitles":["","useDomains","usePaginatedDomains"],"fullName":" useDomains usePaginatedDomains should fetch paginated domains","status":"passed","title":"should fetch paginated domains","duration":69,"failureMessages":[]},{"ancestorTitles":["","useDomains","useDomain"],"fullName":" useDomains useDomain should fetch a single domain","status":"passed","title":"should fetch a single domain","duration":75,"failureMessages":[]},{"ancestorTitles":["","useDomains","useCreateDomain"],"fullName":" useDomains useCreateDomain should create a new domain","status":"passed","title":"should create a new domain","duration":25,"failureMessages":[]},{"ancestorTitles":["","useDomains","useDeleteDomain"],"fullName":" useDomains useDeleteDomain should mark a domain as deleted","status":"passed","title":"should mark a domain as deleted","duration":15,"failureMessages":[]}],"startTime":1771954132989,"endTime":1771954133354,"status":"passed","message":"","name":"C:/Users/mhali/OneDrive/Desktop/Important Projects/Questerix/admin-panel/src/features/curriculum/hooks/__tests__/use-domains.test.tsx"},{"assertionResults":[{"ancestorTitles":["","usePublish","useCurriculumMeta"],"fullName":" usePublish useCurriculumMeta should fetch meta for current app","status":"passed","title":"should fetch meta for current app","duration":353,"failureMessages":[]},{"ancestorTitles":["","usePublish","usePublishPreview"],"fullName":" usePublish usePublishPreview should aggregate stats and validation issues","status":"passed","title":"should aggregate stats and validation issues","duration":119,"failureMessages":[]},{"ancestorTitles":["","usePublish","usePublishCurriculum"],"fullName":" usePublish usePublishCurriculum should call publish_curriculum RPC","status":"passed","title":"should call publish_curriculum RPC","duration":7,"failureMessages":[]}],"startTime":1771954139889,"endTime":1771954140369,"status":"passed","message":"","name":"C:/Users/mhali/OneDrive/Desktop/Important Projects/Questerix/admin-panel/src/features/curriculum/hooks/__tests__/use-publish.test.tsx"},{"assertionResults":[{"ancestorTitles":["","useCreateQuestion — all 5 question types"],"fullName":" useCreateQuestion — all 5 question types AP-CURR-005: creates mcq question with options and correct_answer","status":"passed","title":"AP-CURR-005: creates mcq question with options and correct_answer","duration":67,"failureMessages":[]},{"ancestorTitles":["","useCreateQuestion — all 5 question types"],"fullName":" useCreateQuestion — all 5 question types AP-CURR-006: creates mcq_multi question with multiple correct answers","status":"passed","title":"AP-CURR-006: creates mcq_multi question with multiple correct answers","duration":9,"failureMessages":[]},{"ancestorTitles":["","useCreateQuestion — all 5 question types"],"fullName":" useCreateQuestion — all 5 question types AP-CURR-007: creates text_input question with key-phrase solution","status":"passed","title":"AP-CURR-007: creates text_input question with key-phrase solution","duration":7,"failureMessages":[]},{"ancestorTitles":["","useCreateQuestion — all 5 question types"],"fullName":" useCreateQuestion — all 5 question types AP-CURR-008: creates boolean question with true/false answer","status":"passed","title":"AP-CURR-008: creates boolean question with true/false answer","duration":6,"failureMessages":[]},{"ancestorTitles":["","useCreateQuestion — all 5 question types"],"fullName":" useCreateQuestion — all 5 question types AP-CURR-009: creates reorder_steps question with ordered sequence","status":"passed","title":"AP-CURR-009: creates reorder_steps question with ordered sequence","duration":6,"failureMessages":[]},{"ancestorTitles":["","useCreateQuestion — error handling"],"fullName":" useCreateQuestion — error handling throws when no app is selected","status":"passed","title":"throws when no app is selected","duration":10,"failureMessages":[]},{"ancestorTitles":["","useCreateQuestion — error handling"],"fullName":" useCreateQuestion — error handling surfaces Supabase error from insert","status":"passed","title":"surfaces Supabase error from insert","duration":6,"failureMessages":[]},{"ancestorTitles":["","useCreateQuestion — error handling"],"fullName":" useCreateQuestion — error handling always stamps app_id regardless of question type","status":"passed","title":"always stamps app_id regardless of question type","duration":28,"failureMessages":[]},{"ancestorTitles":["","useUpdateQuestion — update mutation"],"fullName":" useUpdateQuestion — update mutation updates question content and status","status":"passed","title":"updates question content and status","duration":12,"failureMessages":[]},{"ancestorTitles":["","useUpdateQuestion — update mutation"],"fullName":" useUpdateQuestion — update mutation filters update by app_id to prevent cross-tenant mutation","status":"passed","title":"filters update by app_id to prevent cross-tenant mutation","duration":6,"failureMessages":[]},{"ancestorTitles":["","useUpdateQuestion — update mutation"],"fullName":" useUpdateQuestion — update mutation surfaces error from Supabase on update failure","status":"passed","title":"surfaces error from Supabase on update failure","duration":7,"failureMessages":[]},{"ancestorTitles":["","useUpdateQuestion — update mutation"],"fullName":" useUpdateQuestion — update mutation super admin update does not require app_id filter (RLS handles it)","status":"passed","title":"super admin update does not require app_id filter (RLS handles it)","duration":9,"failureMessages":[]}],"startTime":1771954117355,"endTime":1771954117532,"status":"passed","message":"","name":"C:/Users/mhali/OneDrive/Desktop/Important Projects/Questerix/admin-panel/src/features/curriculum/hooks/__tests__/use-questions-types.test.tsx"},{"assertionResults":[{"ancestorTitles":["","useQuestions","useQuestions hook"],"fullName":" useQuestions useQuestions hook should fetch questions for current app and skill","status":"passed","title":"should fetch questions for current app and skill","duration":385,"failureMessages":[]},{"ancestorTitles":["","useQuestions","usePaginatedQuestions"],"fullName":" useQuestions usePaginatedQuestions should fetch paginated questions with filters","status":"passed","title":"should fetch paginated questions with filters","duration":289,"failureMessages":[]},{"ancestorTitles":["","useQuestions","useQuestion"],"fullName":" useQuestions useQuestion should fetch a single question by id without invalid subjects relation","status":"passed","title":"should fetch a single question by id without invalid subjects relation","duration":233,"failureMessages":[]},{"ancestorTitles":["","useQuestions","useQuestion"],"fullName":" useQuestions useQuestion should handle missing question gracefully (returns null)","status":"passed","title":"should handle missing question gracefully (returns null)","duration":126,"failureMessages":[]},{"ancestorTitles":["","useQuestions","useCreateQuestion"],"fullName":" useQuestions useCreateQuestion should insert a new question","status":"passed","title":"should insert a new question","duration":8,"failureMessages":[]},{"ancestorTitles":["","useQuestions","useDeleteQuestion"],"fullName":" useQuestions useDeleteQuestion should soft-delete a question","status":"passed","title":"should soft-delete a question","duration":5,"failureMessages":[]},{"ancestorTitles":["","useQuestions","useDuplicateQuestion"],"fullName":" useQuestions useDuplicateQuestion should duplicate a question","status":"passed","title":"should duplicate a question","duration":4,"failureMessages":[]},{"ancestorTitles":["","useQuestions","useDuplicateQuestion"],"fullName":" useQuestions useDuplicateQuestion should allow super admin to duplicate cross-app question","status":"passed","title":"should allow super admin to duplicate cross-app question","duration":4,"failureMessages":[]},{"ancestorTitles":["","useQuestions","useDuplicateQuestion"],"fullName":" useQuestions useDuplicateQuestion should enforce app_id for non-super admin","status":"passed","title":"should enforce app_id for non-super admin","duration":3,"failureMessages":[]}],"startTime":1771954119319,"endTime":1771954120379,"status":"passed","message":"","name":"C:/Users/mhali/OneDrive/Desktop/Important Projects/Questerix/admin-panel/src/features/curriculum/hooks/__tests__/use-questions.test.tsx"},{"assertionResults":[{"ancestorTitles":["","useSkills","useSkills hook"],"fullName":" useSkills useSkills hook should fetch skills for current app","status":"passed","title":"should fetch skills for current app","duration":157,"failureMessages":[]},{"ancestorTitles":["","useSkills","useSkills hook"],"fullName":" useSkills useSkills hook should filter by domainId","status":"passed","title":"should filter by domainId","duration":15,"failureMessages":[]},{"ancestorTitles":["","useSkills","useSkill (single)"],"fullName":" useSkills useSkill (single) should fetch a single skill by id","status":"passed","title":"should fetch a single skill by id","duration":81,"failureMessages":[]},{"ancestorTitles":["","useSkills","useSkill (single)"],"fullName":" useSkills useSkill (single) should handle missing skill gracefully (returns null)","status":"passed","title":"should handle missing skill gracefully (returns null)","duration":138,"failureMessages":[]},{"ancestorTitles":["","useSkills","usePaginatedSkills"],"fullName":" useSkills usePaginatedSkills should fetch paginated skills","status":"passed","title":"should fetch paginated skills","duration":121,"failureMessages":[]},{"ancestorTitles":["","useSkills","useCreateSkill"],"fullName":" useSkills useCreateSkill should insert a new skill","status":"passed","title":"should insert a new skill","duration":28,"failureMessages":[]},{"ancestorTitles":["","useSkills","useDuplicateSkill"],"fullName":" useSkills useDuplicateSkill should duplicate a skill","status":"passed","title":"should duplicate a skill","duration":14,"failureMessages":[]},{"ancestorTitles":["","useSkills","useDuplicateSkill"],"fullName":" useSkills useDuplicateSkill should allow super admin to duplicate cross-app skill","status":"passed","title":"should allow super admin to duplicate cross-app skill","duration":20,"failureMessages":[]},{"ancestorTitles":["","useSkills","useDuplicateSkill"],"fullName":" useSkills useDuplicateSkill should enforce app_id for non-super admin","status":"passed","title":"should enforce app_id for non-super admin","duration":16,"failureMessages":[]}],"startTime":1771954118209,"endTime":1771954118804,"status":"passed","message":"","name":"C:/Users/mhali/OneDrive/Desktop/Important Projects/Questerix/admin-panel/src/features/curriculum/hooks/__tests__/use-skills.test.tsx"},{"assertionResults":[{"ancestorTitles":["","useApps"],"fullName":" useApps fetches apps sorted by display_name","status":"passed","title":"fetches apps sorted by display_name","duration":124,"failureMessages":[]},{"ancestorTitles":["","useApps"],"fullName":" useApps propagates Supabase error to isError state","status":"passed","title":"propagates Supabase error to isError state","duration":99,"failureMessages":[]},{"ancestorTitles":["","useCreateApp"],"fullName":" useCreateApp inserts a new app and also inserts its landing page","status":"passed","title":"inserts a new app and also inserts its landing page","duration":19,"failureMessages":[]},{"ancestorTitles":["","useCreateApp"],"fullName":" useCreateApp still resolves when landing page insert fails (non-fatal)","status":"passed","title":"still resolves when landing page insert fails (non-fatal)","duration":9,"failureMessages":[]},{"ancestorTitles":["","useCreateApp"],"fullName":" useCreateApp throws when Supabase app insert returns error","status":"passed","title":"throws when Supabase app insert returns error","duration":10,"failureMessages":[]},{"ancestorTitles":["","useCreateApp"],"fullName":" useCreateApp throws \"Failed to create app\" when insert returns null data","status":"passed","title":"throws \"Failed to create app\" when insert returns null data","duration":11,"failureMessages":[]},{"ancestorTitles":["","useUpdateApp"],"fullName":" useUpdateApp updates an existing app by app_id","status":"passed","title":"updates an existing app by app_id","duration":8,"failureMessages":[]},{"ancestorTitles":["","useUpdateApp"],"fullName":" useUpdateApp throws for invalid UUID format","status":"passed","title":"throws for invalid UUID format","duration":6,"failureMessages":[]},{"ancestorTitles":["","useUpdateApp"],"fullName":" useUpdateApp throws when app is not found (null data, no error)","status":"passed","title":"throws when app is not found (null data, no error)","duration":8,"failureMessages":[]},{"ancestorTitles":["","useUpdateApp"],"fullName":" useUpdateApp propagates Supabase error","status":"passed","title":"propagates Supabase error","duration":9,"failureMessages":[]},{"ancestorTitles":["","useDeleteApp"],"fullName":" useDeleteApp deletes an app by app_id","status":"passed","title":"deletes an app by app_id","duration":9,"failureMessages":[]},{"ancestorTitles":["","useDeleteApp"],"fullName":" useDeleteApp throws for non-UUID id","status":"passed","title":"throws for non-UUID id","duration":8,"failureMessages":[]},{"ancestorTitles":["","useDeleteApp"],"fullName":" useDeleteApp propagates Supabase error","status":"passed","title":"propagates Supabase error","duration":7,"failureMessages":[]},{"ancestorTitles":["","useBulkUpdateAppsStatus"],"fullName":" useBulkUpdateAppsStatus sets is_active = true for multiple apps","status":"passed","title":"sets is_active = true for multiple apps","duration":8,"failureMessages":[]},{"ancestorTitles":["","useBulkUpdateAppsStatus"],"fullName":" useBulkUpdateAppsStatus sets is_active = false (deactivate)","status":"passed","title":"sets is_active = false (deactivate)","duration":7,"failureMessages":[]},{"ancestorTitles":["","useBulkUpdateAppsStatus"],"fullName":" useBulkUpdateAppsStatus propagates error on failure","status":"passed","title":"propagates error on failure","duration":6,"failureMessages":[]},{"ancestorTitles":["","useBulkDeleteApps"],"fullName":" useBulkDeleteApps deletes multiple apps by app_id list","status":"passed","title":"deletes multiple apps by app_id list","duration":14,"failureMessages":[]},{"ancestorTitles":["","useBulkDeleteApps"],"fullName":" useBulkDeleteApps propagates Supabase error","status":"passed","title":"propagates Supabase error","duration":6,"failureMessages":[]},{"ancestorTitles":["","useBulkCreateApps"],"fullName":" useBulkCreateApps inserts multiple apps and creates landing pages for each","status":"passed","title":"inserts multiple apps and creates landing pages for each","duration":12,"failureMessages":[]},{"ancestorTitles":["","useBulkCreateApps"],"fullName":" useBulkCreateApps still resolves when landing page bulk insert fails (non-fatal)","status":"passed","title":"still resolves when landing page bulk insert fails (non-fatal)","duration":3,"failureMessages":[]},{"ancestorTitles":["","useBulkCreateApps"],"fullName":" useBulkCreateApps propagates error when app insert fails","status":"passed","title":"propagates error when app insert fails","duration":3,"failureMessages":[]}],"startTime":1771954117354,"endTime":1771954117744,"status":"passed","message":"","name":"C:/Users/mhali/OneDrive/Desktop/Important Projects/Questerix/admin-panel/src/features/platform/hooks/__tests__/use-apps.test.tsx"},{"assertionResults":[{"ancestorTitles":["","useErrorLogs"],"fullName":" useErrorLogs should fetch error logs with pagination and search","status":"passed","title":"should fetch error logs with pagination and search","duration":147,"failureMessages":[]},{"ancestorTitles":["","useErrorLogs"],"fullName":" useErrorLogs should call delete on error_logs table","status":"passed","title":"should call delete on error_logs table","duration":14,"failureMessages":[]}],"startTime":1771954148726,"endTime":1771954148887,"status":"passed","message":"","name":"C:/Users/mhali/OneDrive/Desktop/Important Projects/Questerix/admin-panel/src/features/monitoring/hooks/__tests__/use-error-logs.test.tsx"}]}